<?xml version="1.0" encoding="UTF-8"?>
<robot generator="Robot 4.1.2 (Python 3.9.5 on win32)" generated="20211025 02:03:00.265" rpa="false" schemaversion="2">
<suite id="s1" name="Mobileautomation" source="C:\Users\NefiProfissional\Desktop\primetestsmobile\tests\mobileautomation.robot">
<test id="s1-t1" name="Caso de Teste 01: Pesquisar canal “Prime Experts”">
<kw name="Abrir aplicativo" library="hooks" type="SETUP">
<kw name="Set Appium Timeout" library="AppiumLibrary">
<arg>20</arg>
<doc>Sets the timeout in seconds used by various keywords.</doc>
<status status="PASS" starttime="20211025 02:03:00.509" endtime="20211025 02:03:00.509"/>
</kw>
<kw name="Open Application" library="AppiumLibrary">
<arg>http://localhost:4723/wd/hub</arg>
<arg>platformName=Android</arg>
<arg>deviceName=R9QR1042KJW</arg>
<arg>automationName=uiautomator2</arg>
<arg>appPackage=com.google.android.youtube</arg>
<arg>appActivity=com.google.android.youtube.HomeActivity</arg>
<arg>autoGrantPermissions=true</arg>
<doc>Opens a new application to given Appium server.
Capabilities of appium server, Android and iOS,
Please check https://github.com/appium/appium/blob/master/docs/en/writing-running-appium/server-args.md
| *Option*            | *Man.* | *Description*     |
| remote_url          | Yes    | Appium server url |
| alias               | no     | alias             |</doc>
<status status="PASS" starttime="20211025 02:03:00.509" endtime="20211025 02:03:18.464"/>
</kw>
<status status="PASS" starttime="20211025 02:03:00.508" endtime="20211025 02:03:18.464"/>
</kw>
<kw name="Dado que o cliente esteja na tela de Home​" library="kws_mobileautomation">
<kw name="Wait Until Element Is Visible" library="AppiumLibrary">
<arg>xpath=//*[contains(@text, 'Início')]</arg>
<doc>Waits until element specified with `locator` is visible.</doc>
<status status="PASS" starttime="20211025 02:03:18.465" endtime="20211025 02:03:23.803"/>
</kw>
<kw name="Wait Until Element Is Visible" library="AppiumLibrary">
<arg>accessibility_id=YouTube</arg>
<doc>Waits until element specified with `locator` is visible.</doc>
<status status="PASS" starttime="20211025 02:03:23.803" endtime="20211025 02:03:23.977"/>
</kw>
<status status="PASS" starttime="20211025 02:03:18.465" endtime="20211025 02:03:23.977"/>
</kw>
<kw name="E pesquise um vídeo sobre &quot;Prime Experts&quot;​" library="kws_mobileautomation" sourcename="E pesquise um vídeo sobre &quot;${PESQUISA}&quot;​">
<kw name="Click Element" library="AppiumLibrary">
<arg>accessibility_id=Pesquisar</arg>
<doc>Click element identified by `locator`.</doc>
<msg timestamp="20211025 02:03:23.982" level="INFO">Clicking element 'accessibility_id=Pesquisar'.</msg>
<status status="PASS" starttime="20211025 02:03:23.979" endtime="20211025 02:03:24.193"/>
</kw>
<kw name="Input Text" library="AppiumLibrary">
<arg>id=search_edit_text</arg>
<arg>${PESQUISA}</arg>
<doc>Types the given `text` into text field identified by `locator`.</doc>
<msg timestamp="20211025 02:03:24.195" level="INFO">Typing text 'Prime Experts' into text field 'id=search_edit_text'</msg>
<status status="PASS" starttime="20211025 02:03:24.193" endtime="20211025 02:03:27.309"/>
</kw>
<kw name="Press Keycode" library="AppiumLibrary">
<arg>66</arg>
<doc>Sends a press of keycode to the device.</doc>
<status status="PASS" starttime="20211025 02:03:27.309" endtime="20211025 02:03:28.554"/>
</kw>
<status status="PASS" starttime="20211025 02:03:23.978" endtime="20211025 02:03:28.555"/>
</kw>
<kw name="E acessar o canal da Prime​" library="kws_mobileautomation">
<kw name="Wait Until Element Is Visible" library="AppiumLibrary">
<arg>accessibility_id=Prime Experts - Parceria entre Prime Control e UniBrasil - 3 minutos e 38 segundos - Ir ao canal - Prime Control - 184 visualizações - há 1 ano - assistir o vídeo</arg>
<doc>Waits until element specified with `locator` is visible.</doc>
<status status="PASS" starttime="20211025 02:03:28.556" endtime="20211025 02:03:30.679"/>
</kw>
<kw name="Click Element" library="AppiumLibrary">
<arg>accessibility_id=Prime Experts - Parceria entre Prime Control e UniBrasil - 3 minutos e 38 segundos - Ir ao canal - Prime Control - 184 visualizações - há 1 ano - assistir o vídeo</arg>
<doc>Click element identified by `locator`.</doc>
<msg timestamp="20211025 02:03:30.680" level="INFO">Clicking element 'accessibility_id=Prime Experts - Parceria entre Prime Control e UniBrasil - 3 minutos e 38 segundos - Ir ao canal - Prime Control - 184 visualizações - há 1 ano - assistir o vídeo'.</msg>
<status status="PASS" starttime="20211025 02:03:30.679" endtime="20211025 02:03:32.055"/>
</kw>
<status status="PASS" starttime="20211025 02:03:28.556" endtime="20211025 02:03:32.055"/>
</kw>
<kw name="Quando clicar em Inscrever-se​" library="kws_mobileautomation">
<kw name="Click Element" library="AppiumLibrary">
<arg>accessibility_id=Inscreva-se em Prime Control.</arg>
<doc>Click element identified by `locator`.</doc>
<msg timestamp="20211025 02:03:32.058" level="INFO">Clicking element 'accessibility_id=Inscreva-se em Prime Control.'.</msg>
<kw name="Capture Page Screenshot" library="AppiumLibrary">
<doc>Takes a screenshot of the current page and embeds it into the log.</doc>
<msg timestamp="20211025 02:03:36.167" level="INFO" html="true">&lt;/td&gt;&lt;/tr&gt;&lt;tr&gt;&lt;td colspan="3"&gt;&lt;a href="appium-screenshot-1.png"&gt;&lt;img src="appium-screenshot-1.png" width="800px"&gt;&lt;/a&gt;</msg>
<status status="PASS" starttime="20211025 02:03:34.037" endtime="20211025 02:03:36.167"/>
</kw>
<msg timestamp="20211025 02:03:36.170" level="FAIL">ValueError: Element locator 'accessibility_id=Inscreva-se em Prime Control.' did not match any elements.</msg>
<status status="FAIL" starttime="20211025 02:03:32.056" endtime="20211025 02:03:36.170"/>
</kw>
<kw name="Click Element" library="AppiumLibrary">
<arg>accessibility_id=Inscreva-se em Prime Control.</arg>
<doc>Click element identified by `locator`.</doc>
<status status="NOT RUN" starttime="20211025 02:03:36.171" endtime="20211025 02:03:36.171"/>
</kw>
<status status="FAIL" starttime="20211025 02:03:32.056" endtime="20211025 02:03:36.171"/>
</kw>
<kw name="Então será apresentado como Inscrito​" library="kws_mobileautomation">
<status status="NOT RUN" starttime="20211025 02:03:36.172" endtime="20211025 02:03:36.173"/>
</kw>
<kw name="Fechar aplicativo" library="hooks" type="TEARDOWN">
<kw name="Close Application" library="AppiumLibrary">
<doc>Closes the current application and also close webdriver session.</doc>
<status status="PASS" starttime="20211025 02:03:36.174" endtime="20211025 02:03:37.296"/>
</kw>
<status status="PASS" starttime="20211025 02:03:36.173" endtime="20211025 02:03:37.297"/>
</kw>
<tag>CANAL_PRIME</tag>
<status status="FAIL" starttime="20211025 02:03:00.507" endtime="20211025 02:03:37.298">ValueError: Element locator 'accessibility_id=Inscreva-se em Prime Control.' did not match any elements.</status>
</test>
<doc>Testes Mobile</doc>
<status status="FAIL" starttime="20211025 02:03:00.267" endtime="20211025 02:03:37.300"/>
</suite>
<statistics>
<total>
<stat pass="0" fail="1" skip="0">All Tests</stat>
</total>
<tag>
<stat pass="0" fail="1" skip="0">CANAL_PRIME</stat>
</tag>
<suite>
<stat pass="0" fail="1" skip="0" id="s1" name="Mobileautomation">Mobileautomation</stat>
</suite>
</statistics>
<errors>
<msg timestamp="20211025 02:03:00.500" level="ERROR">Error in file 'C:\Users\NefiProfissional\Desktop\primetestsmobile\resources\keywords\kws_mobileautomation.robot' on line 3: Resource file '..\package.robot' does not exist.</msg>
<msg timestamp="20211025 02:03:00.504" level="ERROR">Error in file 'C:\Users\NefiProfissional\Desktop\primetestsmobile\resources\hooks.robot' on line 3: Resource file 'package.robot' does not exist.</msg>
</errors>
</robot>
